<?xml version="1.0" encoding="UTF-8"?>
<testsuite name="operationsTest" tests="1" skipped="0" failures="0" errors="0" timestamp="2023-09-08T19:33:47" hostname="yabetss-air.dhcp.bsu.edu" time="0.007">
  <properties/>
  <testcase name="testOperateAdd()" classname="operationsTest" time="0.007"/>
  <system-out><![CDATA[]]></system-out>
  <system-err><![CDATA[]]></system-err>
</testsuite>
