<?xml version="1.0" encoding="UTF-8"?>
<testsuite name="operationsTest" tests="1" skipped="0" failures="0" errors="0" timestamp="2023-09-07T21:03:08" hostname="LAPTOP-K51KK94K" time="0.035">
  <properties/>
  <testcase name="testAddition()" classname="operationsTest" time="0.035"/>
  <system-out><![CDATA[]]></system-out>
  <system-err><![CDATA[]]></system-err>
</testsuite>
